This file contains any messages produced by compilers while
running configure, to aid debugging if configure makes a mistake.

It was created by MARST configure 2.6, which was
generated by GNU Autoconf 2.61.  Invocation command line was

  $ ./configure 

## --------- ##
## Platform. ##
## --------- ##

hostname = gunter-Lenovo-G40-70
uname -m = x86_64
uname -r = 5.4.0-132-generic
uname -s = Linux
uname -v = #148~18.04.1-Ubuntu SMP Mon Oct 24 20:41:14 UTC 2022

/usr/bin/uname -p = unknown
/bin/uname -X     = unknown

/bin/arch              = unknown
/usr/bin/arch -k       = unknown
/usr/convex/getsysinfo = unknown
/usr/bin/hostinfo      = unknown
/bin/machine           = unknown
/usr/bin/oslevel       = unknown
/bin/universe          = unknown

PATH: /home/gunter/.opam/system/bin
PATH: /opt/voc/bin
PATH: /home/gunter/.local/bin
PATH: /usr/local/sbin
PATH: /usr/local/bin
PATH: /usr/sbin
PATH: /usr/bin
PATH: /sbin
PATH: /bin
PATH: /usr/games
PATH: /usr/local/games
PATH: /snap/bin
PATH: /usr/local/plan9/bin
PATH: /usr/local/go/bin
PATH: /usr/local/xds/bin
PATH: /usr/local/swift/usr/bin/
PATH: /usr/local/opendylan/bin/
PATH: /home/gunter/.roswell/bin


## ----------- ##
## Core tests. ##
## ----------- ##

configure:1955: checking for a BSD-compatible install
configure:2011: result: /usr/bin/install -c
configure:2022: checking whether build environment is sane
configure:2065: result: yes
configure:2093: checking for a thread-safe mkdir -p
configure:2132: result: /bin/mkdir -p
configure:2145: checking for gawk
configure:2161: found /usr/bin/gawk
configure:2172: result: gawk
configure:2183: checking whether make sets $(MAKE)
configure:2204: result: yes
configure:2441: checking for gcc
configure:2457: found /usr/bin/gcc
configure:2468: result: gcc
configure:2706: checking for C compiler version
configure:2713: gcc --version >&5
gcc (Ubuntu 7.5.0-3ubuntu1~18.04) 7.5.0
Copyright (C) 2017 Free Software Foundation, Inc.
This is free software; see the source for copying conditions.  There is NO
warranty; not even for MERCHANTABILITY or FITNESS FOR A PARTICULAR PURPOSE.

configure:2716: $? = 0
configure:2723: gcc -v >&5
Using built-in specs.
COLLECT_GCC=gcc
COLLECT_LTO_WRAPPER=/usr/lib/gcc/x86_64-linux-gnu/7/lto-wrapper
OFFLOAD_TARGET_NAMES=nvptx-none
OFFLOAD_TARGET_DEFAULT=1
Target: x86_64-linux-gnu
Configured with: ../src/configure -v --with-pkgversion='Ubuntu 7.5.0-3ubuntu1~18.04' --with-bugurl=file:///usr/share/doc/gcc-7/README.Bugs --enable-languages=c,ada,c++,go,brig,d,fortran,objc,obj-c++ --prefix=/usr --with-gcc-major-version-only --program-suffix=-7 --program-prefix=x86_64-linux-gnu- --enable-shared --enable-linker-build-id --libexecdir=/usr/lib --without-included-gettext --enable-threads=posix --libdir=/usr/lib --enable-nls --enable-bootstrap --enable-clocale=gnu --enable-libstdcxx-debug --enable-libstdcxx-time=yes --with-default-libstdcxx-abi=new --enable-gnu-unique-object --disable-vtable-verify --enable-libmpx --enable-plugin --enable-default-pie --with-system-zlib --with-target-system-zlib --enable-objc-gc=auto --enable-multiarch --disable-werror --with-arch-32=i686 --with-abi=m64 --with-multilib-list=m32,m64,mx32 --enable-multilib --with-tune=generic --enable-offload-targets=nvptx-none --without-cuda-driver --enable-checking=release --build=x86_64-linux-gnu --host=x86_64-linux-gnu --target=x86_64-linux-gnu
Thread model: posix
gcc version 7.5.0 (Ubuntu 7.5.0-3ubuntu1~18.04) 
configure:2726: $? = 0
configure:2733: gcc -V >&5
gcc: error: unrecognized command line option '-V'
gcc: fatal error: no input files
compilation terminated.
configure:2736: $? = 1
configure:2759: checking for C compiler default output file name
configure:2786: gcc    conftest.c  >&5
configure:2789: $? = 0
configure:2827: result: a.out
configure:2844: checking whether the C compiler works
configure:2854: ./a.out
configure:2857: $? = 0
configure:2874: result: yes
configure:2881: checking whether we are cross compiling
configure:2883: result: no
configure:2886: checking for suffix of executables
configure:2893: gcc -o conftest    conftest.c  >&5
configure:2896: $? = 0
configure:2920: result: 
configure:2926: checking for suffix of object files
configure:2952: gcc -c   conftest.c >&5
configure:2955: $? = 0
configure:2978: result: o
configure:2982: checking whether we are using the GNU C compiler
configure:3011: gcc -c   conftest.c >&5
configure:3017: $? = 0
configure:3034: result: yes
configure:3039: checking whether gcc accepts -g
configure:3069: gcc -c -g  conftest.c >&5
configure:3075: $? = 0
configure:3174: result: yes
configure:3191: checking for gcc option to accept ISO C89
configure:3265: gcc  -c -g -O2  conftest.c >&5
configure:3271: $? = 0
configure:3294: result: none needed
configure:3323: checking for style of include used by make
configure:3351: result: GNU
configure:3376: checking dependency style of gcc
configure:3467: result: gcc3
configure:3495: checking for a BSD-compatible install
configure:3551: result: /usr/bin/install -c
configure:3644: checking build system type
configure:3662: result: x86_64-unknown-linux-gnu
configure:3684: checking host system type
configure:3699: result: x86_64-unknown-linux-gnu
configure:3721: checking for a sed that does not truncate output
configure:3777: result: /bin/sed
configure:3780: checking for grep that handles long lines and -e
configure:3854: result: /bin/grep
configure:3859: checking for egrep
configure:3937: result: /bin/grep -E
configure:3953: checking for ld used by gcc
configure:4020: result: /usr/bin/ld
configure:4029: checking if the linker (/usr/bin/ld) is GNU ld
configure:4044: result: yes
configure:4049: checking for /usr/bin/ld option to reload object files
configure:4056: result: -r
configure:4074: checking for BSD-compatible nm
configure:4123: result: /usr/bin/nm -B
configure:4127: checking whether ln -s works
configure:4131: result: yes
configure:4138: checking how to recognize dependent libraries
configure:4324: result: pass_all
configure:4413: gcc -c -g -O2  conftest.c >&5
configure:4416: $? = 0
configure:4565: checking how to run the C preprocessor
configure:4605: gcc -E  conftest.c
configure:4611: $? = 0
configure:4642: gcc -E  conftest.c
conftest.c:10:10: fatal error: ac_nonexistent.h: No such file or directory
 #include <ac_nonexistent.h>
          ^~~~~~~~~~~~~~~~~~
compilation terminated.
configure:4648: $? = 1
configure: failed program was:
| /* confdefs.h.  */
| #define PACKAGE_NAME "MARST"
| #define PACKAGE_TARNAME "marst"
| #define PACKAGE_VERSION "2.6"
| #define PACKAGE_STRING "MARST 2.6"
| #define PACKAGE_BUGREPORT "bug-marst@gnu.org"
| #define PACKAGE "marst"
| #define VERSION "2.6"
| /* end confdefs.h.  */
| #include <ac_nonexistent.h>
configure:4681: result: gcc -E
configure:4710: gcc -E  conftest.c
configure:4716: $? = 0
configure:4747: gcc -E  conftest.c
conftest.c:10:10: fatal error: ac_nonexistent.h: No such file or directory
 #include <ac_nonexistent.h>
          ^~~~~~~~~~~~~~~~~~
compilation terminated.
configure:4753: $? = 1
configure: failed program was:
| /* confdefs.h.  */
| #define PACKAGE_NAME "MARST"
| #define PACKAGE_TARNAME "marst"
| #define PACKAGE_VERSION "2.6"
| #define PACKAGE_STRING "MARST 2.6"
| #define PACKAGE_BUGREPORT "bug-marst@gnu.org"
| #define PACKAGE "marst"
| #define VERSION "2.6"
| /* end confdefs.h.  */
| #include <ac_nonexistent.h>
configure:4791: checking for ANSI C header files
configure:4821: gcc -c -g -O2  conftest.c >&5
configure:4827: $? = 0
configure:4926: gcc -o conftest -g -O2   conftest.c  >&5
configure:4929: $? = 0
configure:4935: ./conftest
configure:4938: $? = 0
configure:4955: result: yes
configure:4979: checking for sys/types.h
configure:5000: gcc -c -g -O2  conftest.c >&5
configure:5006: $? = 0
configure:5022: result: yes
configure:4979: checking for sys/stat.h
configure:5000: gcc -c -g -O2  conftest.c >&5
configure:5006: $? = 0
configure:5022: result: yes
configure:4979: checking for stdlib.h
configure:5000: gcc -c -g -O2  conftest.c >&5
configure:5006: $? = 0
configure:5022: result: yes
configure:4979: checking for string.h
configure:5000: gcc -c -g -O2  conftest.c >&5
configure:5006: $? = 0
configure:5022: result: yes
configure:4979: checking for memory.h
configure:5000: gcc -c -g -O2  conftest.c >&5
configure:5006: $? = 0
configure:5022: result: yes
configure:4979: checking for strings.h
configure:5000: gcc -c -g -O2  conftest.c >&5
configure:5006: $? = 0
configure:5022: result: yes
configure:4979: checking for inttypes.h
configure:5000: gcc -c -g -O2  conftest.c >&5
configure:5006: $? = 0
configure:5022: result: yes
configure:4979: checking for stdint.h
configure:5000: gcc -c -g -O2  conftest.c >&5
configure:5006: $? = 0
configure:5022: result: yes
configure:4979: checking for unistd.h
configure:5000: gcc -c -g -O2  conftest.c >&5
configure:5006: $? = 0
configure:5022: result: yes
configure:5049: checking dlfcn.h usability
configure:5066: gcc -c -g -O2  conftest.c >&5
configure:5072: $? = 0
configure:5086: result: yes
configure:5090: checking dlfcn.h presence
configure:5105: gcc -E  conftest.c
configure:5111: $? = 0
configure:5125: result: yes
configure:5158: checking for dlfcn.h
configure:5166: result: yes
configure:5183: checking the maximum length of command line arguments
configure:5292: result: 32768
configure:5303: checking command to parse /usr/bin/nm -B output from gcc object
configure:5408: gcc -c -g -O2  conftest.c >&5
configure:5411: $? = 0
configure:5415: /usr/bin/nm -B conftest.o \| sed -n -e 's/^.*[ 	]\([ABCDGIRSTW][ABCDGIRSTW]*\)[ 	][ 	]*\([_A-Za-z][_A-Za-z0-9]*\)$/\1 \2 \2/p' \> conftest.nm
configure:5418: $? = 0
configure:5470: gcc -o conftest -g -O2   conftest.c conftstm.o >&5
configure:5473: $? = 0
configure:5511: result: ok
configure:5515: checking for objdir
configure:5530: result: .libs
configure:5622: checking for ar
configure:5638: found /usr/bin/ar
configure:5649: result: ar
configure:5718: checking for ranlib
configure:5734: found /usr/bin/ranlib
configure:5745: result: ranlib
configure:5814: checking for strip
configure:5830: found /usr/bin/strip
configure:5841: result: strip
configure:6127: checking if gcc supports -fno-rtti -fno-exceptions
configure:6145: gcc -c -g -O2  -fno-rtti -fno-exceptions conftest.c >&5
cc1: warning: command line option '-fno-rtti' is valid for C++/ObjC++ but not for C
configure:6149: $? = 0
configure:6162: result: no
configure:6177: checking for gcc option to produce PIC
configure:6409: result: -fPIC
configure:6417: checking if gcc PIC flag -fPIC works
configure:6435: gcc -c -g -O2  -fPIC -DPIC conftest.c >&5
configure:6439: $? = 0
configure:6452: result: yes
configure:6480: checking if gcc static flag -static works
configure:6508: result: yes
configure:6518: checking if gcc supports -c -o file.o
configure:6539: gcc -c -g -O2  -o out/conftest2.o conftest.c >&5
configure:6543: $? = 0
configure:6565: result: yes
configure:6591: checking whether the gcc linker (/usr/bin/ld -m elf_x86_64) supports shared libraries
configure:7567: result: yes
configure:7588: checking whether -lc should be explicitly linked in
configure:7593: gcc -c -g -O2  conftest.c >&5
configure:7596: $? = 0
configure:7611: gcc -shared conftest.o  -v -Wl,-soname -Wl,conftest -o conftest 2\>\&1 \| grep  -lc  \>/dev/null 2\>\&1
configure:7614: $? = 0
configure:7626: result: no
configure:7634: checking dynamic linker characteristics
configure:8202: result: GNU/Linux ld.so
configure:8211: checking how to hardcode library paths into programs
configure:8236: result: immediate
configure:8250: checking whether stripping libraries is possible
configure:8255: result: yes
configure:9056: checking if libtool supports shared libraries
configure:9058: result: yes
configure:9061: checking whether to build shared libraries
configure:9082: result: yes
configure:9085: checking whether to build static libraries
configure:9089: result: yes
configure:9181: creating libtool
configure:10186: checking for sqrt in -lm
configure:10221: gcc -o conftest -g -O2   conftest.c -lm   >&5
conftest.c:28:6: warning: conflicting types for built-in function 'sqrt' [-Wbuiltin-declaration-mismatch]
 char sqrt ();
      ^~~~
configure:10227: $? = 0
configure:10245: result: yes
configure:10403: creating ./config.status

## ---------------------- ##
## Running config.status. ##
## ---------------------- ##

This file was extended by MARST config.status 2.6, which was
generated by GNU Autoconf 2.61.  Invocation command line was

  CONFIG_FILES    = 
  CONFIG_HEADERS  = 
  CONFIG_LINKS    = 
  CONFIG_COMMANDS = 
  $ ./config.status 

on gunter-Lenovo-G40-70

config.status:632: creating Makefile
config.status:823: executing depfiles commands

## ---------------- ##
## Cache variables. ##
## ---------------- ##

ac_cv_build=x86_64-unknown-linux-gnu
ac_cv_c_compiler_gnu=yes
ac_cv_env_CC_set=
ac_cv_env_CC_value=
ac_cv_env_CFLAGS_set=
ac_cv_env_CFLAGS_value=
ac_cv_env_CPPFLAGS_set=
ac_cv_env_CPPFLAGS_value=
ac_cv_env_CPP_set=
ac_cv_env_CPP_value=
ac_cv_env_LDFLAGS_set=
ac_cv_env_LDFLAGS_value=
ac_cv_env_LIBS_set=
ac_cv_env_LIBS_value=
ac_cv_env_build_alias_set=
ac_cv_env_build_alias_value=
ac_cv_env_host_alias_set=
ac_cv_env_host_alias_value=
ac_cv_env_target_alias_set=
ac_cv_env_target_alias_value=
ac_cv_header_dlfcn_h=yes
ac_cv_header_inttypes_h=yes
ac_cv_header_memory_h=yes
ac_cv_header_stdc=yes
ac_cv_header_stdint_h=yes
ac_cv_header_stdlib_h=yes
ac_cv_header_string_h=yes
ac_cv_header_strings_h=yes
ac_cv_header_sys_stat_h=yes
ac_cv_header_sys_types_h=yes
ac_cv_header_unistd_h=yes
ac_cv_host=x86_64-unknown-linux-gnu
ac_cv_lib_m_sqrt=yes
ac_cv_objext=o
ac_cv_path_EGREP='/bin/grep -E'
ac_cv_path_GREP=/bin/grep
ac_cv_path_install='/usr/bin/install -c'
ac_cv_path_mkdir=/bin/mkdir
ac_cv_prog_AWK=gawk
ac_cv_prog_CPP='gcc -E'
ac_cv_prog_ac_ct_AR=ar
ac_cv_prog_ac_ct_CC=gcc
ac_cv_prog_ac_ct_RANLIB=ranlib
ac_cv_prog_ac_ct_STRIP=strip
ac_cv_prog_cc_c89=
ac_cv_prog_cc_g=yes
ac_cv_prog_make_make_set=yes
am_cv_CC_dependencies_compiler_type=gcc3
lt_cv_deplibs_check_method=pass_all
lt_cv_file_magic_cmd='$MAGIC_CMD'
lt_cv_file_magic_test_file=
lt_cv_ld_reload_flag=-r
lt_cv_objdir=.libs
lt_cv_path_LD=/usr/bin/ld
lt_cv_path_NM='/usr/bin/nm -B'
lt_cv_path_SED=/bin/sed
lt_cv_prog_compiler_c_o=yes
lt_cv_prog_compiler_rtti_exceptions=no
lt_cv_prog_gnu_ld=yes
lt_cv_sys_global_symbol_pipe='sed -n -e '\''s/^.*[ 	]\([ABCDGIRSTW][ABCDGIRSTW]*\)[ 	][ 	]*\([_A-Za-z][_A-Za-z0-9]*\)$/\1 \2 \2/p'\'''
lt_cv_sys_global_symbol_to_c_name_address='sed -n -e '\''s/^: \([^ ]*\) $/  {\"\1\", (lt_ptr) 0},/p'\'' -e '\''s/^[BCDEGRST] \([^ ]*\) \([^ ]*\)$/  {"\2", (lt_ptr) \&\2},/p'\'''
lt_cv_sys_global_symbol_to_cdecl='sed -n -e '\''s/^. .* \(.*\)$/extern int \1;/p'\'''
lt_cv_sys_max_cmd_len=32768
lt_lt_cv_prog_compiler_c_o='"yes"'
lt_lt_cv_sys_global_symbol_pipe='"sed -n -e '\''s/^.*[ 	]\\([ABCDGIRSTW][ABCDGIRSTW]*\\)[ 	][ 	]*\\([_A-Za-z][_A-Za-z0-9]*\\)\$/\\1 \\2 \\2/p'\''"'
lt_lt_cv_sys_global_symbol_to_c_name_address='"sed -n -e '\''s/^: \\([^ ]*\\) \$/  {\\\"\\1\\\", (lt_ptr) 0},/p'\'' -e '\''s/^[BCDEGRST] \\([^ ]*\\) \\([^ ]*\\)\$/  {\"\\2\", (lt_ptr) \\&\\2},/p'\''"'
lt_lt_cv_sys_global_symbol_to_cdecl='"sed -n -e '\''s/^. .* \\(.*\\)\$/extern int \\1;/p'\''"'

## ----------------- ##
## Output variables. ##
## ----------------- ##

ACLOCAL='${SHELL} /home/gunter/GM_LANGUAGES/ALGOL_LIKE/ALGOL60/MARST/marst-2.6/missing --run aclocal-1.10'
AMDEPBACKSLASH='\'
AMDEP_FALSE='#'
AMDEP_TRUE=''
AMTAR='${SHELL} /home/gunter/GM_LANGUAGES/ALGOL_LIKE/ALGOL60/MARST/marst-2.6/missing --run tar'
AR='ar'
AUTOCONF='${SHELL} /home/gunter/GM_LANGUAGES/ALGOL_LIKE/ALGOL60/MARST/marst-2.6/missing --run autoconf'
AUTOHEADER='${SHELL} /home/gunter/GM_LANGUAGES/ALGOL_LIKE/ALGOL60/MARST/marst-2.6/missing --run autoheader'
AUTOMAKE='${SHELL} /home/gunter/GM_LANGUAGES/ALGOL_LIKE/ALGOL60/MARST/marst-2.6/missing --run automake-1.10'
AWK='gawk'
CC='gcc'
CCDEPMODE='depmode=gcc3'
CFLAGS='-g -O2'
CPP='gcc -E'
CPPFLAGS=''
CYGPATH_W='echo'
DEFS='-DPACKAGE_NAME=\"MARST\" -DPACKAGE_TARNAME=\"marst\" -DPACKAGE_VERSION=\"2.6\" -DPACKAGE_STRING=\"MARST\ 2.6\" -DPACKAGE_BUGREPORT=\"bug-marst@gnu.org\" -DPACKAGE=\"marst\" -DVERSION=\"2.6\" -DSTDC_HEADERS=1 -DHAVE_SYS_TYPES_H=1 -DHAVE_SYS_STAT_H=1 -DHAVE_STDLIB_H=1 -DHAVE_STRING_H=1 -DHAVE_MEMORY_H=1 -DHAVE_STRINGS_H=1 -DHAVE_INTTYPES_H=1 -DHAVE_STDINT_H=1 -DHAVE_UNISTD_H=1 -DHAVE_DLFCN_H=1 -DHAVE_LIBM=1'
DEPDIR='.deps'
ECHO='echo'
ECHO_C=''
ECHO_N='-n'
ECHO_T=''
EGREP='/bin/grep -E'
EXEEXT=''
GREP='/bin/grep'
INSTALL_DATA='${INSTALL} -m 644'
INSTALL_PROGRAM='${INSTALL}'
INSTALL_SCRIPT='${INSTALL}'
INSTALL_STRIP_PROGRAM='$(install_sh) -c -s'
LDFLAGS=''
LIBOBJS=''
LIBS='-lm '
LIBTOOL='$(SHELL) $(top_builddir)/libtool'
LN_S='ln -s'
LTLIBOBJS=''
MAKEINFO='${SHELL} /home/gunter/GM_LANGUAGES/ALGOL_LIKE/ALGOL60/MARST/marst-2.6/missing --run makeinfo'
OBJEXT='o'
PACKAGE='marst'
PACKAGE_BUGREPORT='bug-marst@gnu.org'
PACKAGE_NAME='MARST'
PACKAGE_STRING='MARST 2.6'
PACKAGE_TARNAME='marst'
PACKAGE_VERSION='2.6'
PATH_SEPARATOR=':'
RANLIB='ranlib'
SED='/bin/sed'
SET_MAKE=''
SHELL='/bin/bash'
STRIP='strip'
VERSION='2.6'
ac_ct_CC='gcc'
am__fastdepCC_FALSE='#'
am__fastdepCC_TRUE=''
am__include='include'
am__isrc=''
am__leading_dot='.'
am__quote=''
am__tar='${AMTAR} chof - "$$tardir"'
am__untar='${AMTAR} xf -'
bindir='${exec_prefix}/bin'
build='x86_64-unknown-linux-gnu'
build_alias=''
build_cpu='x86_64'
build_os='linux-gnu'
build_vendor='unknown'
datadir='${datarootdir}'
datarootdir='${prefix}/share'
docdir='${datarootdir}/doc/${PACKAGE_TARNAME}'
dvidir='${docdir}'
exec_prefix='${prefix}'
host='x86_64-unknown-linux-gnu'
host_alias=''
host_cpu='x86_64'
host_os='linux-gnu'
host_vendor='unknown'
htmldir='${docdir}'
includedir='${prefix}/include'
infodir='${datarootdir}/info'
install_sh='$(SHELL) /home/gunter/GM_LANGUAGES/ALGOL_LIKE/ALGOL60/MARST/marst-2.6/install-sh'
libdir='${exec_prefix}/lib'
libexecdir='${exec_prefix}/libexec'
localedir='${datarootdir}/locale'
localstatedir='${prefix}/var'
mandir='${datarootdir}/man'
mkdir_p='/bin/mkdir -p'
oldincludedir='/usr/include'
pdfdir='${docdir}'
prefix='/usr/local'
program_transform_name='s,x,x,'
psdir='${docdir}'
sbindir='${exec_prefix}/sbin'
sharedstatedir='${prefix}/com'
sysconfdir='${prefix}/etc'
target_alias=''

## ----------- ##
## confdefs.h. ##
## ----------- ##

#define PACKAGE_NAME "MARST"
#define PACKAGE_TARNAME "marst"
#define PACKAGE_VERSION "2.6"
#define PACKAGE_STRING "MARST 2.6"
#define PACKAGE_BUGREPORT "bug-marst@gnu.org"
#define PACKAGE "marst"
#define VERSION "2.6"
#define STDC_HEADERS 1
#define HAVE_SYS_TYPES_H 1
#define HAVE_SYS_STAT_H 1
#define HAVE_STDLIB_H 1
#define HAVE_STRING_H 1
#define HAVE_MEMORY_H 1
#define HAVE_STRINGS_H 1
#define HAVE_INTTYPES_H 1
#define HAVE_STDINT_H 1
#define HAVE_UNISTD_H 1
#define HAVE_DLFCN_H 1
#define HAVE_LIBM 1

configure: exit 0
